#
# There is insufficient memory for the Java Runtime Environment to continue.
# Native memory allocation (mmap) failed to map 75497472 bytes for committing reserved memory.
# Possible reasons:
#   The system is out of physical RAM or swap space
#   In 32 bit mode, the process size limit was hit
# Possible solutions:
#   Reduce memory load on the system
#   Increase physical memory or swap space
#   Check if swap backing store is full
#   Use 64 bit Java on a 64 bit OS
#   Decrease Java heap size (-Xmx/-Xms)
#   Decrease number of Java threads
#   Decrease Java thread stack sizes (-Xss)
#   Set larger code cache with -XX:ReservedCodeCacheSize=
# This output file may be truncated or incomplete.
#
#  Out of Memory Error (os_linux.cpp:2627), pid=15497, tid=140164191950592
#
# JRE version:  (8.0_91-b14) (build )
# Java VM: Java HotSpot(TM) 64-Bit Server VM (25.91-b14 mixed mode linux-amd64 compressed oops)
# Failed to write core dump. Core dumps have been disabled. To enable core dumping, try "ulimit -c unlimited" before starting Java again
#

---------------  T H R E A D  ---------------

Current thread (0x00007f7a7c00a000):  JavaThread "Unknown thread" [_thread_in_vm, id=15500, stack(0x00007f7a84cf1000,0x00007f7a84df2000)]

Stack: [0x00007f7a84cf1000,0x00007f7a84df2000],  sp=0x00007f7a84df0370,  free space=1020k
Native frames: (J=compiled Java code, j=interpreted, Vv=VM code, C=native code)
V  [libjvm.so+0xabc18a]  VMError::report_and_die()+0x2ba
V  [libjvm.so+0x4fafeb]  report_vm_out_of_memory(char const*, int, unsigned long, VMErrorType, char const*)+0x8b
V  [libjvm.so+0x91cbb3]  os::Linux::commit_memory_impl(char*, unsigned long, bool)+0x103
V  [libjvm.so+0x91d109]  os::pd_commit_memory(char*, unsigned long, unsigned long, bool)+0x29
V  [libjvm.so+0x91740a]  os::commit_memory(char*, unsigned long, unsigned long, bool)+0x2a
V  [libjvm.so+0x98b033]  PSVirtualSpace::expand_by(unsigned long)+0x53
V  [libjvm.so+0x97b177]  PSOldGen::initialize(ReservedSpace, unsigned long, char const*, int)+0xb7
V  [libjvm.so+0x2d827a]  AdjoiningGenerations::AdjoiningGenerations(ReservedSpace, GenerationSizer*, unsigned long)+0x39a
V  [libjvm.so+0x93ff76]  ParallelScavengeHeap::initialize()+0x1d6
V  [libjvm.so+0xa849bb]  Universe::initialize_heap()+0xfb
V  [libjvm.so+0xa84d2e]  universe_init()+0x3e
V  [libjvm.so+0x63a575]  init_globals()+0x65
V  [libjvm.so+0xa68f3e]  Threads::create_vm(JavaVMInitArgs*, bool*)+0x23e
V  [libjvm.so+0x6cede4]  JNI_CreateJavaVM+0x74
C  [libjli.so+0x745e]  JavaMain+0x9e
C  [libpthread.so.0+0x8182]  start_thread+0xc2


---------------  P R O C E S S  ---------------

Java Threads: ( => current thread )

Other Threads:

=>0x00007f7a7c00a000 (exited) JavaThread "Unknown thread" [_thread_in_vm, id=15500, stack(0x00007f7a84cf1000,0x00007f7a84df2000)]

VM state:not at safepoint (not fully initialized)

VM Mutex/Monitor currently owned by a thread: None

GC Heap History (0 events):
No events

Deoptimization events (0 events):
No events

Internal exceptions (0 events):
No events

Events (0 events):
No events


Dynamic libraries:
00400000-00401000 r-xp 00000000 08:01 6555299                            /usr/local/jdk/jdk1.8.0_91/bin/java
00600000-00601000 rw-p 00000000 08:01 6555299                            /usr/local/jdk/jdk1.8.0_91/bin/java
017b2000-017d3000 rw-p 00000000 00:00 0                                  [heap]
9a200000-dc900000 ---p 00000000 00:00 0 
dc900000-ded00000 rw-p 00000000 00:00 0 
ded00000-100000000 ---p 00000000 00:00 0 
7f7a6d000000-7f7a6d270000 rwxp 00000000 00:00 0 
7f7a6d270000-7f7a7c000000 ---p 00000000 00:00 0 
7f7a7c000000-7f7a7c032000 rw-p 00000000 00:00 0 
7f7a7c032000-7f7a80000000 ---p 00000000 00:00 0 
7f7a814dd000-7f7a81762000 rw-p 00000000 00:00 0 
7f7a81762000-7f7a81999000 ---p 00000000 00:00 0 
7f7a81999000-7f7a819ac000 rw-p 00000000 00:00 0 
7f7a819ac000-7f7a81ab5000 ---p 00000000 00:00 0 
7f7a81ab5000-7f7a81ac0000 rw-p 00000000 00:00 0 
7f7a81ac0000-7f7a81e76000 ---p 00000000 00:00 0 
7f7a81e76000-7f7a81e90000 r-xp 00000000 08:01 6555168                    /usr/local/jdk/jdk1.8.0_91/jre/lib/amd64/libzip.so
7f7a81e90000-7f7a82090000 ---p 0001a000 08:01 6555168                    /usr/local/jdk/jdk1.8.0_91/jre/lib/amd64/libzip.so
7f7a82090000-7f7a82091000 rw-p 0001a000 08:01 6555168                    /usr/local/jdk/jdk1.8.0_91/jre/lib/amd64/libzip.so
7f7a82091000-7f7a8209c000 r-xp 00000000 08:01 2360870                    /lib/x86_64-linux-gnu/libnss_files-2.19.so
7f7a8209c000-7f7a8229b000 ---p 0000b000 08:01 2360870                    /lib/x86_64-linux-gnu/libnss_files-2.19.so
7f7a8229b000-7f7a8229c000 r--p 0000a000 08:01 2360870                    /lib/x86_64-linux-gnu/libnss_files-2.19.so
7f7a8229c000-7f7a8229d000 rw-p 0000b000 08:01 2360870                    /lib/x86_64-linux-gnu/libnss_files-2.19.so
7f7a8229d000-7f7a822a8000 r-xp 00000000 08:01 2361003                    /lib/x86_64-linux-gnu/libnss_nis-2.19.so
7f7a822a8000-7f7a824a7000 ---p 0000b000 08:01 2361003                    /lib/x86_64-linux-gnu/libnss_nis-2.19.so
7f7a824a7000-7f7a824a8000 r--p 0000a000 08:01 2361003                    /lib/x86_64-linux-gnu/libnss_nis-2.19.so
7f7a824a8000-7f7a824a9000 rw-p 0000b000 08:01 2361003                    /lib/x86_64-linux-gnu/libnss_nis-2.19.so
7f7a824a9000-7f7a824c0000 r-xp 00000000 08:01 2360867                    /lib/x86_64-linux-gnu/libnsl-2.19.so
7f7a824c0000-7f7a826bf000 ---p 00017000 08:01 2360867                    /lib/x86_64-linux-gnu/libnsl-2.19.so
7f7a826bf000-7f7a826c0000 r--p 00016000 08:01 2360867                    /lib/x86_64-linux-gnu/libnsl-2.19.so
7f7a826c0000-7f7a826c1000 rw-p 00017000 08:01 2360867                    /lib/x86_64-linux-gnu/libnsl-2.19.so
7f7a826c1000-7f7a826c3000 rw-p 00000000 00:00 0 
7f7a826c3000-7f7a826cc000 r-xp 00000000 08:01 2361058                    /lib/x86_64-linux-gnu/libnss_compat-2.19.so
7f7a826cc000-7f7a828cb000 ---p 00009000 08:01 2361058                    /lib/x86_64-linux-gnu/libnss_compat-2.19.so
7f7a828cb000-7f7a828cc000 r--p 00008000 08:01 2361058                    /lib/x86_64-linux-gnu/libnss_compat-2.19.so
7f7a828cc000-7f7a828cd000 rw-p 00009000 08:01 2361058                    /lib/x86_64-linux-gnu/libnss_compat-2.19.so
7f7a828cd000-7f7a828f7000 r-xp 00000000 08:01 6555180                    /usr/local/jdk/jdk1.8.0_91/jre/lib/amd64/libjava.so
7f7a828f7000-7f7a82af7000 ---p 0002a000 08:01 6555180                    /usr/local/jdk/jdk1.8.0_91/jre/lib/amd64/libjava.so
7f7a82af7000-7f7a82af9000 rw-p 0002a000 08:01 6555180                    /usr/local/jdk/jdk1.8.0_91/jre/lib/amd64/libjava.so
7f7a82af9000-7f7a82b06000 r-xp 00000000 08:01 6555181                    /usr/local/jdk/jdk1.8.0_91/jre/lib/amd64/libverify.so
7f7a82b06000-7f7a82d06000 ---p 0000d000 08:01 6555181                    /usr/local/jdk/jdk1.8.0_91/jre/lib/amd64/libverify.so
7f7a82d06000-7f7a82d08000 rw-p 0000d000 08:01 6555181                    /usr/local/jdk/jdk1.8.0_91/jre/lib/amd64/libverify.so
7f7a82d08000-7f7a82d0f000 r-xp 00000000 08:01 2360918                    /lib/x86_64-linux-gnu/librt-2.19.so
7f7a82d0f000-7f7a82f0e000 ---p 00007000 08:01 2360918                    /lib/x86_64-linux-gnu/librt-2.19.so
7f7a82f0e000-7f7a82f0f000 r--p 00006000 08:01 2360918                    /lib/x86_64-linux-gnu/librt-2.19.so
7f7a82f0f000-7f7a82f10000 rw-p 00007000 08:01 2360918                    /lib/x86_64-linux-gnu/librt-2.19.so
7f7a82f10000-7f7a83015000 r-xp 00000000 08:01 2360993                    /lib/x86_64-linux-gnu/libm-2.19.so
7f7a83015000-7f7a83214000 ---p 00105000 08:01 2360993                    /lib/x86_64-linux-gnu/libm-2.19.so
7f7a83214000-7f7a83215000 r--p 00104000 08:01 2360993                    /lib/x86_64-linux-gnu/libm-2.19.so
7f7a83215000-7f7a83216000 rw-p 00105000 08:01 2360993                    /lib/x86_64-linux-gnu/libm-2.19.so
7f7a83216000-7f7a83ed6000 r-xp 00000000 08:01 6555187                    /usr/local/jdk/jdk1.8.0_91/jre/lib/amd64/server/libjvm.so
7f7a83ed6000-7f7a840d6000 ---p 00cc0000 08:01 6555187                    /usr/local/jdk/jdk1.8.0_91/jre/lib/amd64/server/libjvm.so
7f7a840d6000-7f7a841ae000 rw-p 00cc0000 08:01 6555187                    /usr/local/jdk/jdk1.8.0_91/jre/lib/amd64/server/libjvm.so
7f7a841ae000-7f7a841f9000 rw-p 00000000 00:00 0 
7f7a841f9000-7f7a843b4000 r-xp 00000000 08:01 2360828                    /lib/x86_64-linux-gnu/libc-2.19.so
7f7a843b4000-7f7a845b4000 ---p 001bb000 08:01 2360828                    /lib/x86_64-linux-gnu/libc-2.19.so
7f7a845b4000-7f7a845b8000 r--p 001bb000 08:01 2360828                    /lib/x86_64-linux-gnu/libc-2.19.so
7f7a845b8000-7f7a845ba000 rw-p 001bf000 08:01 2360828                    /lib/x86_64-linux-gnu/libc-2.19.so
7f7a845ba000-7f7a845bf000 rw-p 00000000 00:00 0 
7f7a845bf000-7f7a845c2000 r-xp 00000000 08:01 2361006                    /lib/x86_64-linux-gnu/libdl-2.19.so
7f7a845c2000-7f7a847c1000 ---p 00003000 08:01 2361006                    /lib/x86_64-linux-gnu/libdl-2.19.so
7f7a847c1000-7f7a847c2000 r--p 00002000 08:01 2361006                    /lib/x86_64-linux-gnu/libdl-2.19.so
7f7a847c2000-7f7a847c3000 rw-p 00003000 08:01 2361006                    /lib/x86_64-linux-gnu/libdl-2.19.so
7f7a847c3000-7f7a847d8000 r-xp 00000000 08:01 6554355                    /usr/local/jdk/jdk1.8.0_91/lib/amd64/jli/libjli.so
7f7a847d8000-7f7a849d8000 ---p 00015000 08:01 6554355                    /usr/local/jdk/jdk1.8.0_91/lib/amd64/jli/libjli.so
7f7a849d8000-7f7a849d9000 rw-p 00015000 08:01 6554355                    /usr/local/jdk/jdk1.8.0_91/lib/amd64/jli/libjli.so
7f7a849d9000-7f7a849f2000 r-xp 00000000 08:01 2360846                    /lib/x86_64-linux-gnu/libpthread-2.19.so
7f7a849f2000-7f7a84bf1000 ---p 00019000 08:01 2360846                    /lib/x86_64-linux-gnu/libpthread-2.19.so
7f7a84bf1000-7f7a84bf2000 r--p 00018000 08:01 2360846                    /lib/x86_64-linux-gnu/libpthread-2.19.so
7f7a84bf2000-7f7a84bf3000 rw-p 00019000 08:01 2360846                    /lib/x86_64-linux-gnu/libpthread-2.19.so
7f7a84bf3000-7f7a84bf7000 rw-p 00000000 00:00 0 
7f7a84bf7000-7f7a84c1a000 r-xp 00000000 08:01 2360891                    /lib/x86_64-linux-gnu/ld-2.19.so
7f7a84cf1000-7f7a84cf4000 ---p 00000000 00:00 0 
7f7a84cf4000-7f7a84df6000 rw-p 00000000 00:00 0                          [stack:15500]
7f7a84e0a000-7f7a84e0d000 rw-p 00000000 00:00 0 
7f7a84e0d000-7f7a84e15000 rw-s 00000000 08:01 1706015                    /tmp/hsperfdata_luis/15497
7f7a84e15000-7f7a84e16000 rw-p 00000000 00:00 0 
7f7a84e16000-7f7a84e17000 r--p 00000000 00:00 0 
7f7a84e17000-7f7a84e19000 rw-p 00000000 00:00 0 
7f7a84e19000-7f7a84e1a000 r--p 00022000 08:01 2360891                    /lib/x86_64-linux-gnu/ld-2.19.so
7f7a84e1a000-7f7a84e1b000 rw-p 00023000 08:01 2360891                    /lib/x86_64-linux-gnu/ld-2.19.so
7f7a84e1b000-7f7a84e1c000 rw-p 00000000 00:00 0 
7fff9b2ec000-7fff9b30d000 rw-p 00000000 00:00 0                          [stack]
7fff9b3fe000-7fff9b400000 r-xp 00000000 00:00 0                          [vdso]
ffffffffff600000-ffffffffff601000 r-xp 00000000 00:00 0                  [vsyscall]

VM Arguments:
jvm_args: -Dclassworlds.conf=/home/luis/netbeans-8.1/java/maven/bin/m2.conf -Dmaven.home=/home/luis/netbeans-8.1/java/maven 
java_command: org.codehaus.plexus.classworlds.launcher.Launcher -Dmaven.ext.class.path=/home/luis/netbeans-8.1/java/maven-nblib/netbeans-eventspy.jar clean install
java_class_path (initial): /home/luis/netbeans-8.1/java/maven/boot/plexus-classworlds-2.4.jar
Launcher Type: SUN_STANDARD

Environment Variables:
JAVA_HOME=/usr/local/jdk/jdk1.8.0_91
PATH=/usr/local/sbin:/usr/local/bin:/usr/sbin:/usr/bin:/sbin:/bin:/usr/games:/usr/local/games:/home/luis/bin:/usr/local/jdk/jdk1.8.0_91/bin
USERNAME=luis
LD_LIBRARY_PATH=/usr/local/jdk/jdk1.8.0_91/jre/lib/amd64:/usr/local/jdk/jdk1.8.0_91/jre/lib/i386:
SHELL=/bin/zsh
DISPLAY=:0.0

Signal Handlers:
SIGSEGV: [libjvm.so+0xabca10], sa_mask[0]=11111111011111111101111111111110, sa_flags=SA_RESTART|SA_SIGINFO
SIGBUS: [libjvm.so+0xabca10], sa_mask[0]=11111111011111111101111111111110, sa_flags=SA_RESTART|SA_SIGINFO
SIGFPE: [libjvm.so+0x919a20], sa_mask[0]=11111111011111111101111111111110, sa_flags=SA_RESTART|SA_SIGINFO
SIGPIPE: [libjvm.so+0x919a20], sa_mask[0]=11111111011111111101111111111110, sa_flags=SA_RESTART|SA_SIGINFO
SIGXFSZ: [libjvm.so+0x919a20], sa_mask[0]=11111111011111111101111111111110, sa_flags=SA_RESTART|SA_SIGINFO
SIGILL: [libjvm.so+0x919a20], sa_mask[0]=11111111011111111101111111111110, sa_flags=SA_RESTART|SA_SIGINFO
SIGUSR1: SIG_DFL, sa_mask[0]=00000000000000000000000000000000, sa_flags=none
SIGUSR2: [libjvm.so+0x91b050], sa_mask[0]=00100000000000000000000000000000, sa_flags=SA_RESTART|SA_SIGINFO
SIGHUP: SIG_DFL, sa_mask[0]=00000000000000000000000000000000, sa_flags=none
SIGINT: SIG_IGN, sa_mask[0]=00000000000000000000000000000000, sa_flags=none
SIGTERM: SIG_DFL, sa_mask[0]=00000000000000000000000000000000, sa_flags=none
SIGQUIT: SIG_DFL, sa_mask[0]=00000000000000000000000000000000, sa_flags=none


---------------  S Y S T E M  ---------------

OS:DISTRIB_ID=LinuxMint
DISTRIB_RELEASE=17.1
DISTRIB_CODENAME=rebecca
DISTRIB_DESCRIPTION="Linux Mint 17.1 Rebecca"

uname:Linux 3.13.0-37-generic #64-Ubuntu SMP Mon Sep 22 21:28:38 UTC 2014 x86_64
libc:glibc 2.19 NPTL 2.19 
rlimit: STACK 8192k, CORE 0k, NPROC 54183, NOFILE 4096, AS infinity
load average:3.67 3.34 2.52

/proc/meminfo:
MemTotal:        6966632 kB
MemFree:          108468 kB
Buffers:            1572 kB
Cached:           129372 kB
SwapCached:        14336 kB
Active:          5365556 kB
Inactive:        1227888 kB
Active(anon):    5347756 kB
Inactive(anon):  1205544 kB
Active(file):      17800 kB
Inactive(file):    22344 kB
Unevictable:          92 kB
Mlocked:              92 kB
SwapTotal:        115708 kB
SwapFree:              0 kB
Dirty:               752 kB
Writeback:           148 kB
AnonPages:       6448452 kB
Mapped:           114000 kB
Shmem:             90588 kB
Slab:              68484 kB
SReclaimable:      25948 kB
SUnreclaim:        42536 kB
KernelStack:        8800 kB
PageTables:        82100 kB
NFS_Unstable:          0 kB
Bounce:                0 kB
WritebackTmp:          0 kB
CommitLimit:     3599024 kB
Committed_AS:   15454160 kB
VmallocTotal:   34359738367 kB
VmallocUsed:      162920 kB
VmallocChunk:   34359568992 kB
HardwareCorrupted:     0 kB
AnonHugePages:   2598912 kB
HugePages_Total:       0
HugePages_Free:        0
HugePages_Rsvd:        0
HugePages_Surp:        0
Hugepagesize:       2048 kB
DirectMap4k:       63424 kB
DirectMap2M:     7096320 kB


CPU:total 2 (2 cores per cpu, 1 threads per core) family 6 model 62 stepping 4, cmov, cx8, fxsr, mmx, sse, sse2, sse3, ssse3, sse4.1, sse4.2, popcnt, avx, aes, clmul, tsc, tscinvbit

/proc/cpuinfo:
processor	: 0
vendor_id	: GenuineIntel
cpu family	: 6
model		: 62
model name	: Intel(R) Xeon(R) CPU E5-2650 v2 @ 2.60GHz
stepping	: 4
microcode	: 0x427
cpu MHz		: 2600.000
cache size	: 20480 KB
physical id	: 0
siblings	: 2
core id		: 0
cpu cores	: 2
apicid		: 0
initial apicid	: 0
fpu		: yes
fpu_exception	: yes
cpuid level	: 13
wp		: yes
flags		: fpu vme de pse tsc msr pae mce cx8 apic sep mtrr pge mca cmov pat pse36 clflush dts mmx fxsr sse sse2 ss ht syscall nx rdtscp lm constant_tsc arch_perfmon pebs bts nopl xtopology tsc_reliable nonstop_tsc aperfmperf eagerfpu pni pclmulqdq ssse3 cx16 sse4_1 sse4_2 popcnt aes xsave avx hypervisor lahf_lm ida arat xsaveopt pln pts dtherm
bogomips	: 5200.00
clflush size	: 64
cache_alignment	: 64
address sizes	: 40 bits physical, 48 bits virtual
power management:

processor	: 1
vendor_id	: GenuineIntel
cpu family	: 6
model		: 62
model name	: Intel(R) Xeon(R) CPU E5-2650 v2 @ 2.60GHz
stepping	: 4
microcode	: 0x427
cpu MHz		: 2600.000
cache size	: 20480 KB
physical id	: 0
siblings	: 2
core id		: 1
cpu cores	: 2
apicid		: 1
initial apicid	: 1
fpu		: yes
fpu_exception	: yes
cpuid level	: 13
wp		: yes
flags		: fpu vme de pse tsc msr pae mce cx8 apic sep mtrr pge mca cmov pat pse36 clflush dts mmx fxsr sse sse2 ss ht syscall nx rdtscp lm constant_tsc arch_perfmon pebs bts nopl xtopology tsc_reliable nonstop_tsc aperfmperf eagerfpu pni pclmulqdq ssse3 cx16 sse4_1 sse4_2 popcnt aes xsave avx hypervisor lahf_lm ida arat xsaveopt pln pts dtherm
bogomips	: 5200.00
clflush size	: 64
cache_alignment	: 64
address sizes	: 40 bits physical, 48 bits virtual
power management:



Memory: 4k page, physical 6966632k(108468k free), swap 115708k(0k free)

vm_info: Java HotSpot(TM) 64-Bit Server VM (25.91-b14) for linux-amd64 JRE (1.8.0_91-b14), built on Apr  1 2016 00:57:21 by "java_re" with gcc 4.3.0 20080428 (Red Hat 4.3.0-8)

time: Wed Nov 23 17:14:10 2016
elapsed time: 0 seconds (0d 0h 0m 0s)

