#
# There is insufficient memory for the Java Runtime Environment to continue.
# Native memory allocation (mmap) failed to map 118489088 bytes for committing reserved memory.
# Possible reasons:
#   The system is out of physical RAM or swap space
#   In 32 bit mode, the process size limit was hit
# Possible solutions:
#   Reduce memory load on the system
#   Increase physical memory or swap space
#   Check if swap backing store is full
#   Use 64 bit Java on a 64 bit OS
#   Decrease Java heap size (-Xmx/-Xms)
#   Decrease number of Java threads
#   Decrease Java thread stack sizes (-Xss)
#   Set larger code cache with -XX:ReservedCodeCacheSize=
# This output file may be truncated or incomplete.
#
#  Out of Memory Error (os_linux.cpp:2627), pid=31558, tid=140029900805888
#
# JRE version: Java(TM) SE Runtime Environment (8.0_91-b14) (build 1.8.0_91-b14)
# Java VM: Java HotSpot(TM) 64-Bit Server VM (25.91-b14 mixed mode linux-amd64 compressed oops)
# Failed to write core dump. Core dumps have been disabled. To enable core dumping, try "ulimit -c unlimited" before starting Java again
#

---------------  T H R E A D  ---------------

Current thread (0x00007f5b54073800):  VMThread [stack: 0x00007f5b406ed000,0x00007f5b407ee000] [id=31564]

Stack: [0x00007f5b406ed000,0x00007f5b407ee000],  sp=0x00007f5b407ec0c0,  free space=1020k
Native frames: (J=compiled Java code, j=interpreted, Vv=VM code, C=native code)
V  [libjvm.so+0xabc18a]  VMError::report_and_die()+0x2ba
V  [libjvm.so+0x4fafeb]  report_vm_out_of_memory(char const*, int, unsigned long, VMErrorType, char const*)+0x8b
V  [libjvm.so+0x91cbb3]  os::Linux::commit_memory_impl(char*, unsigned long, bool)+0x103
V  [libjvm.so+0x91d109]  os::pd_commit_memory(char*, unsigned long, unsigned long, bool)+0x29
V  [libjvm.so+0x91740a]  os::commit_memory(char*, unsigned long, unsigned long, bool)+0x2a
V  [libjvm.so+0x98b033]  PSVirtualSpace::expand_by(unsigned long)+0x53
V  [libjvm.so+0x98c438]  PSYoungGen::resize_generation(unsigned long, unsigned long)+0xf8
V  [libjvm.so+0x98b592]  PSYoungGen::resize(unsigned long, unsigned long)+0x22
V  [libjvm.so+0x98886b]  PSScavenge::invoke_no_policy()+0xf3b
V  [libjvm.so+0x983b15]  PSParallelCompact::invoke(bool)+0x85
V  [libjvm.so+0x482104]  CollectedHeap::collect_as_vm_thread(GCCause::Cause)+0x114
V  [libjvm.so+0xabd601]  VM_CollectForMetadataAllocation::doit()+0x161
V  [libjvm.so+0xac55d5]  VM_Operation::evaluate()+0x55
V  [libjvm.so+0xac39aa]  VMThread::evaluate_operation(VM_Operation*)+0xba
V  [libjvm.so+0xac3d2e]  VMThread::loop()+0x1ce
V  [libjvm.so+0xac41a0]  VMThread::run()+0x70
V  [libjvm.so+0x91ef78]  java_start(Thread*)+0x108

VM_Operation (0x00007f5b5bf60b00): CollectForMetadataAllocation, mode: safepoint, requested by thread 0x00007f5b5400a000


---------------  P R O C E S S  ---------------

Java Threads: ( => current thread )
  0x00007f5b54566800 JavaThread "process reaper" daemon [_thread_blocked, id=31574, stack(0x00007f5b40025000,0x00007f5b4005e000)]
  0x00007f5b540ba000 JavaThread "Service Thread" daemon [_thread_blocked, id=31570, stack(0x00007f5b400e7000,0x00007f5b401e8000)]
  0x00007f5b540b7000 JavaThread "C1 CompilerThread1" daemon [_thread_blocked, id=31569, stack(0x00007f5b401e8000,0x00007f5b402e9000)]
  0x00007f5b540b4000 JavaThread "C2 CompilerThread0" daemon [_thread_blocked, id=31568, stack(0x00007f5b402e9000,0x00007f5b403ea000)]
  0x00007f5b540b2800 JavaThread "Signal Dispatcher" daemon [_thread_blocked, id=31567, stack(0x00007f5b403ea000,0x00007f5b404eb000)]
  0x00007f5b54080000 JavaThread "Finalizer" daemon [_thread_blocked, id=31566, stack(0x00007f5b404eb000,0x00007f5b405ec000)]
  0x00007f5b5407b800 JavaThread "Reference Handler" daemon [_thread_blocked, id=31565, stack(0x00007f5b405ec000,0x00007f5b406ed000)]
  0x00007f5b5400a000 JavaThread "main" [_thread_blocked, id=31561, stack(0x00007f5b5be63000,0x00007f5b5bf64000)]

Other Threads:
=>0x00007f5b54073800 VMThread [stack: 0x00007f5b406ed000,0x00007f5b407ee000] [id=31564]
  0x00007f5b540bc800 WatcherThread [stack: 0x00007f5b339c2000,0x00007f5b33ac3000] [id=31571]

VM state:at safepoint (normal execution)

VM Mutex/Monitor currently owned by a thread:  ([mutex/lock_event])
[0x00007f5b540061c0] Threads_lock - owner thread: 0x00007f5b54073800
[0x00007f5b540066c0] Heap_lock - owner thread: 0x00007f5b5400a000
[0x00007f5b54006c40] MethodData_lock - owner thread: 0x00007f5b5400a000

Heap:
 PSYoungGen      total 119296K, used 10728K [0x00000000dc900000, 0x00000000e4a00000, 0x0000000100000000)
  eden space 108544K, 0% used [0x00000000dc900000,0x00000000dc900000,0x00000000e3300000)
  from space 10752K, 99% used [0x00000000e3300000,0x00000000e3d7a3f0,0x00000000e3d80000)
  to   space 8704K, 0% used [0x00000000e3d80000,0x00000000e3d80000,0x00000000e4600000)
 ParOldGen       total 73728K, used 15600K [0x0000000095a00000, 0x000000009a200000, 0x00000000dc900000)
  object space 73728K, 21% used [0x0000000095a00000,0x000000009693c048,0x000000009a200000)
 Metaspace       used 20612K, capacity 21122K, committed 21296K, reserved 1069056K
  class space    used 2453K, capacity 2599K, committed 2688K, reserved 1048576K

Card table byte_map: [0x00007f5b588d4000,0x00007f5b58c28000] byte_map_base: 0x00007f5b58427000

Marking Bits: (ParMarkBitMap*) 0x00007f5b5b33ed60
 Begin Bits: [0x00007f5b41ad0000, 0x00007f5b43568000)
 End Bits:   [0x00007f5b43568000, 0x00007f5b45000000)

Polling page: 0x00007f5b5bf88000

CodeCache: size=245760Kb used=11356Kb max_used=11356Kb free=234403Kb
 bounds [0x00007f5b45000000, 0x00007f5b45b20000, 0x00007f5b54000000]
 total_blobs=3889 nmethods=3520 adapters=281
 compilation: enabled

Compilation events (10 events):
Event: 7,554 Thread 0x00007f5b540b7000 nmethod 3534 0x00007f5b45b193d0 code [0x00007f5b45b196c0, 0x00007f5b45b1ac48]
Event: 7,554 Thread 0x00007f5b540b7000 3533       3       com.sun.tools.javac.jvm.Code::statBegin (11 bytes)
Event: 7,554 Thread 0x00007f5b540b7000 nmethod 3533 0x00007f5b45b1b650 code [0x00007f5b45b1b7c0, 0x00007f5b45b1b950]
Event: 7,554 Thread 0x00007f5b540b7000 3537       3       com.sun.tools.javac.util.Bits::isMember (58 bytes)
Event: 7,555 Thread 0x00007f5b540b7000 nmethod 3537 0x00007f5b45b1b9d0 code [0x00007f5b45b1bb60, 0x00007f5b45b1bfe8]
Event: 7,555 Thread 0x00007f5b540b7000 3539       3       com.sun.tools.javac.jvm.Code::postop (26 bytes)
Event: 7,555 Thread 0x00007f5b540b7000 nmethod 3539 0x00007f5b45b1c1d0 code [0x00007f5b45b1c360, 0x00007f5b45b1c708]
Event: 7,555 Thread 0x00007f5b540b7000 3531       3       com.sun.tools.javac.tree.TreeScanner::visitVarDef (33 bytes)
Event: 7,555 Thread 0x00007f5b540b7000 nmethod 3531 0x00007f5b45b1c8d0 code [0x00007f5b45b1ca80, 0x00007f5b45b1cef8]
Event: 7,555 Thread 0x00007f5b540b7000 3527       3       com.sun.tools.javac.tree.JCTree$JCExpressionStatement::getTag (4 bytes)

GC Heap History (10 events):
Event: 2,140 GC heap after
Heap after GC invocations=2 (full 0):
 PSYoungGen      total 32256K, used 4600K [0x00000000dc900000, 0x00000000e0800000, 0x0000000100000000)
  eden space 27648K, 0% used [0x00000000dc900000,0x00000000dc900000,0x00000000de400000)
  from space 4608K, 99% used [0x00000000de880000,0x00000000decfe148,0x00000000ded00000)
  to   space 4608K, 0% used [0x00000000de400000,0x00000000de400000,0x00000000de880000)
 ParOldGen       total 73728K, used 1181K [0x0000000095a00000, 0x000000009a200000, 0x00000000dc900000)
  object space 73728K, 1% used [0x0000000095a00000,0x0000000095b27420,0x000000009a200000)
 Metaspace       used 11590K, capacity 11840K, committed 12160K, reserved 1060864K
  class space    used 1454K, capacity 1555K, committed 1664K, reserved 1048576K
}
Event: 2,829 GC heap before
{Heap before GC invocations=3 (full 0):
 PSYoungGen      total 32256K, used 32248K [0x00000000dc900000, 0x00000000e0800000, 0x0000000100000000)
  eden space 27648K, 100% used [0x00000000dc900000,0x00000000de400000,0x00000000de400000)
  from space 4608K, 99% used [0x00000000de880000,0x00000000decfe148,0x00000000ded00000)
  to   space 4608K, 0% used [0x00000000de400000,0x00000000de400000,0x00000000de880000)
 ParOldGen       total 73728K, used 1181K [0x0000000095a00000, 0x000000009a200000, 0x00000000dc900000)
  object space 73728K, 1% used [0x0000000095a00000,0x0000000095b27420,0x000000009a200000)
 Metaspace       used 13274K, capacity 13648K, committed 13824K, reserved 1060864K
  class space    used 1618K, capacity 1730K, committed 1792K, reserved 1048576K
Event: 2,855 GC heap after
Heap after GC invocations=3 (full 0):
 PSYoungGen      total 32256K, used 4608K [0x00000000dc900000, 0x00000000e0800000, 0x0000000100000000)
  eden space 27648K, 0% used [0x00000000dc900000,0x00000000dc900000,0x00000000de400000)
  from space 4608K, 100% used [0x00000000de400000,0x00000000de880000,0x00000000de880000)
  to   space 4608K, 0% used [0x00000000e0380000,0x00000000e0380000,0x00000000e0800000)
 ParOldGen       total 73728K, used 2623K [0x0000000095a00000, 0x000000009a200000, 0x00000000dc900000)
  object space 73728K, 3% used [0x0000000095a00000,0x0000000095c8ff20,0x000000009a200000)
 Metaspace       used 13274K, capacity 13648K, committed 13824K, reserved 1060864K
  class space    used 1618K, capacity 1730K, committed 1792K, reserved 1048576K
}
Event: 3,454 GC heap before
{Heap before GC invocations=4 (full 0):
 PSYoungGen      total 32256K, used 32256K [0x00000000dc900000, 0x00000000e0800000, 0x0000000100000000)
  eden space 27648K, 100% used [0x00000000dc900000,0x00000000de400000,0x00000000de400000)
  from space 4608K, 100% used [0x00000000de400000,0x00000000de880000,0x00000000de880000)
  to   space 4608K, 0% used [0x00000000e0380000,0x00000000e0380000,0x00000000e0800000)
 ParOldGen       total 73728K, used 2623K [0x0000000095a00000, 0x000000009a200000, 0x00000000dc900000)
  object space 73728K, 3% used [0x0000000095a00000,0x0000000095c8ff20,0x000000009a200000)
 Metaspace       used 13862K, capacity 14342K, committed 14720K, reserved 1062912K
  class space    used 1691K, capacity 1807K, committed 1920K, reserved 1048576K
Event: 3,465 GC heap after
Heap after GC invocations=4 (full 0):
 PSYoungGen      total 59904K, used 4608K [0x00000000dc900000, 0x00000000e0800000, 0x0000000100000000)
  eden space 55296K, 0% used [0x00000000dc900000,0x00000000dc900000,0x00000000dff00000)
  from space 4608K, 100% used [0x00000000e0380000,0x00000000e0800000,0x00000000e0800000)
  to   space 4608K, 0% used [0x00000000dff00000,0x00000000dff00000,0x00000000e0380000)
 ParOldGen       total 73728K, used 4442K [0x0000000095a00000, 0x000000009a200000, 0x00000000dc900000)
  object space 73728K, 6% used [0x0000000095a00000,0x0000000095e569d0,0x000000009a200000)
 Metaspace       used 13862K, capacity 14342K, committed 14720K, reserved 1062912K
  class space    used 1691K, capacity 1807K, committed 1920K, reserved 1048576K
}
Event: 4,798 GC heap before
{Heap before GC invocations=5 (full 0):
 PSYoungGen      total 59904K, used 59904K [0x00000000dc900000, 0x00000000e0800000, 0x0000000100000000)
  eden space 55296K, 100% used [0x00000000dc900000,0x00000000dff00000,0x00000000dff00000)
  from space 4608K, 100% used [0x00000000e0380000,0x00000000e0800000,0x00000000e0800000)
  to   space 4608K, 0% used [0x00000000dff00000,0x00000000dff00000,0x00000000e0380000)
 ParOldGen       total 73728K, used 4442K [0x0000000095a00000, 0x000000009a200000, 0x00000000dc900000)
  object space 73728K, 6% used [0x0000000095a00000,0x0000000095e569d0,0x000000009a200000)
 Metaspace       used 16801K, capacity 17378K, committed 17664K, reserved 1064960K
  class space    used 2037K, capacity 2183K, committed 2304K, reserved 1048576K
Event: 4,827 GC heap after
Heap after GC invocations=5 (full 0):
 PSYoungGen      total 59904K, used 4576K [0x00000000dc900000, 0x00000000e4600000, 0x0000000100000000)
  eden space 55296K, 0% used [0x00000000dc900000,0x00000000dc900000,0x00000000dff00000)
  from space 4608K, 99% used [0x00000000dff00000,0x00000000e0378040,0x00000000e0380000)
  to   space 8704K, 0% used [0x00000000e3d80000,0x00000000e3d80000,0x00000000e4600000)
 ParOldGen       total 73728K, used 7600K [0x0000000095a00000, 0x000000009a200000, 0x00000000dc900000)
  object space 73728K, 10% used [0x0000000095a00000,0x000000009616c358,0x000000009a200000)
 Metaspace       used 16801K, capacity 17378K, committed 17664K, reserved 1064960K
  class space    used 2037K, capacity 2183K, committed 2304K, reserved 1048576K
}
Event: 6,374 GC heap before
{Heap before GC invocations=6 (full 0):
 PSYoungGen      total 59904K, used 59872K [0x00000000dc900000, 0x00000000e4600000, 0x0000000100000000)
  eden space 55296K, 100% used [0x00000000dc900000,0x00000000dff00000,0x00000000dff00000)
  from space 4608K, 99% used [0x00000000dff00000,0x00000000e0378040,0x00000000e0380000)
  to   space 8704K, 0% used [0x00000000e3d80000,0x00000000e3d80000,0x00000000e4600000)
 ParOldGen       total 73728K, used 7600K [0x0000000095a00000, 0x000000009a200000, 0x00000000dc900000)
  object space 73728K, 10% used [0x0000000095a00000,0x000000009616c358,0x000000009a200000)
 Metaspace       used 18913K, capacity 19490K, committed 19712K, reserved 1067008K
  class space    used 2288K, capacity 2439K, committed 2560K, reserved 1048576K
Event: 6,414 GC heap after
Heap after GC invocations=6 (full 0):
 PSYoungGen      total 117248K, used 8700K [0x00000000dc900000, 0x00000000e4a00000, 0x0000000100000000)
  eden space 108544K, 0% used [0x00000000dc900000,0x00000000dc900000,0x00000000e3300000)
  from space 8704K, 99% used [0x00000000e3d80000,0x00000000e45ff2d8,0x00000000e4600000)
  to   space 10752K, 0% used [0x00000000e3300000,0x00000000e3300000,0x00000000e3d80000)
 ParOldGen       total 73728K, used 9036K [0x0000000095a00000, 0x000000009a200000, 0x00000000dc900000)
  object space 73728K, 12% used [0x0000000095a00000,0x00000000962d30d8,0x000000009a200000)
 Metaspace       used 18913K, capacity 19490K, committed 19712K, reserved 1067008K
  class space    used 2288K, capacity 2439K, committed 2560K, reserved 1048576K
}
Event: 7,560 GC heap before
{Heap before GC invocations=7 (full 0):
 PSYoungGen      total 117248K, used 46464K [0x00000000dc900000, 0x00000000e4a00000, 0x0000000100000000)
  eden space 108544K, 34% used [0x00000000dc900000,0x00000000dede0db0,0x00000000e3300000)
  from space 8704K, 99% used [0x00000000e3d80000,0x00000000e45ff2d8,0x00000000e4600000)
  to   space 10752K, 0% used [0x00000000e3300000,0x00000000e3300000,0x00000000e3d80000)
 ParOldGen       total 73728K, used 9036K [0x0000000095a00000, 0x000000009a200000, 0x00000000dc900000)
  object space 73728K, 12% used [0x0000000095a00000,0x00000000962d30d8,0x000000009a200000)
 Metaspace       used 20612K, capacity 21122K, committed 21296K, reserved 1069056K
  class space    used 2453K, capacity 2599K, committed 2688K, reserved 1048576K

Deoptimization events (10 events):
Event: 7,107 Thread 0x00007f5b5400a000 Uncommon trap: reason=bimorphic action=maybe_recompile pc=0x00007f5b456093bc method=java.util.regex.Pattern$CharProperty.match(Ljava/util/regex/Matcher;ILjava/lang/CharSequence;)Z @ 37
Event: 7,107 Thread 0x00007f5b5400a000 Uncommon trap: reason=bimorphic action=maybe_recompile pc=0x00007f5b456093bc method=java.util.regex.Pattern$CharProperty.match(Ljava/util/regex/Matcher;ILjava/lang/CharSequence;)Z @ 37
Event: 7,108 Thread 0x00007f5b5400a000 Uncommon trap: reason=bimorphic action=maybe_recompile pc=0x00007f5b456093bc method=java.util.regex.Pattern$CharProperty.match(Ljava/util/regex/Matcher;ILjava/lang/CharSequence;)Z @ 37
Event: 7,108 Thread 0x00007f5b5400a000 Uncommon trap: reason=bimorphic action=maybe_recompile pc=0x00007f5b456093bc method=java.util.regex.Pattern$CharProperty.match(Ljava/util/regex/Matcher;ILjava/lang/CharSequence;)Z @ 37
Event: 7,196 Thread 0x00007f5b5400a000 Uncommon trap: reason=unstable_if action=reinterpret pc=0x00007f5b4567409c method=java.util.LinkedHashMap.afterNodeInsertion(Z)V @ 18
Event: 7,199 Thread 0x00007f5b5400a000 Uncommon trap: reason=bimorphic action=maybe_recompile pc=0x00007f5b45355f14 method=java.util.HashMap.putVal(ILjava/lang/Object;Ljava/lang/Object;ZZ)Ljava/lang/Object; @ 203
Event: 7,333 Thread 0x00007f5b5400a000 Uncommon trap: reason=unstable_if action=reinterpret pc=0x00007f5b459bc1e0 method=com.sun.tools.javac.code.Scope.dble()V @ 44
Event: 7,526 Thread 0x00007f5b5400a000 Uncommon trap: reason=bimorphic action=maybe_recompile pc=0x00007f5b45adc2fc method=com.sun.tools.javac.code.Type.isCompound()Z @ 14
Event: 7,526 Thread 0x00007f5b5400a000 Uncommon trap: reason=bimorphic action=maybe_recompile pc=0x00007f5b45adc2fc method=com.sun.tools.javac.code.Type.isCompound()Z @ 14
Event: 7,526 Thread 0x00007f5b5400a000 Uncommon trap: reason=bimorphic action=maybe_recompile pc=0x00007f5b45adc2fc method=com.sun.tools.javac.code.Type.isCompound()Z @ 14

Internal exceptions (10 events):
Event: 2,070 Thread 0x00007f5b5400a000 Exception <a 'java/lang/NoSuchFieldError': method resolution failed> (0x00000000de2a61f8) thrown at [/HUDSON/workspace/8-2-build-linux-amd64/jdk8u91/6644/hotspot/src/share/vm/prims/methodHandles.cpp, line 1146]
Event: 2,412 Thread 0x00007f5b5400a000 Implicit null exception at 0x00007f5b453a2335 to 0x00007f5b453a2519
Event: 2,412 Thread 0x00007f5b5400a000 Implicit null exception at 0x00007f5b452fd46f to 0x00007f5b452fd4d9
Event: 2,571 Thread 0x00007f5b5400a000 Implicit null exception at 0x00007f5b454fe23e to 0x00007f5b454fe559
Event: 3,320 Thread 0x00007f5b5400a000 Exception <a 'java/lang/NoClassDefFoundError': org/slf4j/Logger> (0x00000000ddf40e48) thrown at [/HUDSON/workspace/8-2-build-linux-amd64/jdk8u91/6644/hotspot/src/share/vm/oops/constantPool.cpp, line 235]
Event: 3,682 Thread 0x00007f5b5400a000 Exception <a 'java/lang/NoClassDefFoundError': org/slf4j/Logger> (0x00000000dd4b0af0) thrown at [/HUDSON/workspace/8-2-build-linux-amd64/jdk8u91/6644/hotspot/src/share/vm/oops/constantPool.cpp, line 235]
Event: 4,301 Thread 0x00007f5b5400a000 Exception <a 'java/lang/NoClassDefFoundError': org/slf4j/Logger> (0x00000000df684cb0) thrown at [/HUDSON/workspace/8-2-build-linux-amd64/jdk8u91/6644/hotspot/src/share/vm/oops/constantPool.cpp, line 235]
Event: 4,390 Thread 0x00007f5b5400a000 Exception <a 'java/lang/ClassNotFoundException': com/sun/tools/javac/api/JavacTool> (0x00000000df91ecf0) thrown at [/HUDSON/workspace/8-2-build-linux-amd64/jdk8u91/6644/hotspot/src/share/vm/classfile/systemDictionary.cpp, line 210]
Event: 6,336 Thread 0x00007f5b5400a000 Exception <a 'java/io/FileNotFoundException'> (0x00000000dfe28c00) thrown at [/HUDSON/workspace/8-2-build-linux-amd64/jdk8u91/6644/hotspot/src/share/vm/prims/jni.cpp, line 709]
Event: 6,368 Thread 0x00007f5b5400a000 Exception <a 'java/io/FileNotFoundException'> (0x00000000dfe5d760) thrown at [/HUDSON/workspace/8-2-build-linux-amd64/jdk8u91/6644/hotspot/src/share/vm/prims/jni.cpp, line 709]

Events (10 events):
Event: 7,540 loading class java/util/EnumMap$ValueIterator done
Event: 7,540 loading class com/sun/tools/javac/jvm/Pool$MethodHandle
Event: 7,540 loading class com/sun/tools/javac/jvm/Pool$MethodHandle done
Event: 7,541 loading class com/sun/tools/javac/jvm/Pool$MethodHandle$1
Event: 7,541 loading class com/sun/tools/javac/jvm/Pool$MethodHandle$1 done
Event: 7,541 loading class com/sun/tools/javac/jvm/Pool$MethodHandle$2
Event: 7,541 loading class com/sun/tools/javac/jvm/Pool$MethodHandle$2 done
Event: 7,548 loading class com/sun/tools/javac/jvm/Pool$DynamicMethod
Event: 7,548 loading class com/sun/tools/javac/jvm/Pool$DynamicMethod done
Event: 7,559 Executing VM operation: CollectForMetadataAllocation


Dynamic libraries:
00400000-00401000 r-xp 00000000 08:01 6555299                            /usr/local/jdk/jdk1.8.0_91/bin/java
00600000-00601000 rw-p 00000000 08:01 6555299                            /usr/local/jdk/jdk1.8.0_91/bin/java
00a89000-00aaa000 rw-p 00000000 00:00 0                                  [heap]
95a00000-9a200000 rw-p 00000000 00:00 0 
9a200000-dc900000 ---p 00000000 00:00 0 
dc900000-e4a00000 rw-p 00000000 00:00 0 
ebb00000-100000000 ---p 00000000 00:00 0 
100000000-1002a0000 rw-p 00000000 00:00 0 
1002a0000-140000000 ---p 00000000 00:00 0 
7f5b10000000-7f5b10021000 rw-p 00000000 00:00 0 
7f5b10021000-7f5b14000000 ---p 00000000 00:00 0 
7f5b14000000-7f5b14021000 rw-p 00000000 00:00 0 
7f5b14021000-7f5b18000000 ---p 00000000 00:00 0 
7f5b18000000-7f5b18c88000 rw-p 00000000 00:00 0 
7f5b18c88000-7f5b1c000000 ---p 00000000 00:00 0 
7f5b1c000000-7f5b1c021000 rw-p 00000000 00:00 0 
7f5b1c021000-7f5b20000000 ---p 00000000 00:00 0 
7f5b20000000-7f5b20021000 rw-p 00000000 00:00 0 
7f5b20021000-7f5b24000000 ---p 00000000 00:00 0 
7f5b24000000-7f5b25f3b000 rw-p 00000000 00:00 0 
7f5b25f3b000-7f5b28000000 ---p 00000000 00:00 0 
7f5b28000000-7f5b28021000 rw-p 00000000 00:00 0 
7f5b28021000-7f5b2c000000 ---p 00000000 00:00 0 
7f5b2c000000-7f5b2c021000 rw-p 00000000 00:00 0 
7f5b2c021000-7f5b30000000 ---p 00000000 00:00 0 
7f5b325ac000-7f5b325b0000 r--s 00027000 08:01 10487077                   /home/luis/.m2/repository/commons-io/commons-io/2.2/commons-io-2.2.jar
7f5b325b0000-7f5b325b3000 r--s 0000f000 08:01 11013459                   /home/luis/.m2/repository/commons-fileupload/commons-fileupload/1.3.2/commons-fileupload-1.3.2.jar
7f5b32655000-7f5b32681000 rw-p 00000000 00:00 0 
7f5b32681000-7f5b32855000 ---p 00000000 00:00 0 
7f5b32855000-7f5b3285c000 r--s 00000000 08:01 8914178                    /usr/lib/x86_64-linux-gnu/gconv/gconv-modules.cache
7f5b3285c000-7f5b32882000 r--p 00000000 08:01 6557553                    /usr/share/locale-langpack/es/LC_MESSAGES/libc.mo
7f5b32882000-7f5b328ab000 r--s 002d4000 08:01 10748506                   /home/luis/.m2/repository/org/glassfish/javax.faces/2.2.10/javax.faces-2.2.10.jar
7f5b328ab000-7f5b328ac000 rw-p 00000000 00:00 0 
7f5b328ac000-7f5b328ae000 r--s 00005000 08:01 10487339                   /home/luis/.m2/repository/org/apache/geronimo/specs/geronimo-stax-api_1.0_spec/1.0/geronimo-stax-api_1.0_spec-1.0.jar
7f5b328ae000-7f5b328b0000 r--s 00005000 08:01 10880017                   /home/luis/.m2/repository/stax/stax-api/1.0.1/stax-api-1.0.1.jar
7f5b328b0000-7f5b328ed000 r--s 0024f000 08:01 10618676                   /home/luis/.m2/repository/org/apache/xmlbeans/xmlbeans/2.3.0/xmlbeans-2.3.0.jar
7f5b328ed000-7f5b3296c000 r--s 0034a000 08:01 10618705                   /home/luis/.m2/repository/org/apache/poi/poi-ooxml-schemas/3.7/poi-ooxml-schemas-3.7.jar
7f5b3296c000-7f5b32973000 r--s 00073000 08:01 10618712                   /home/luis/.m2/repository/org/apache/poi/poi-ooxml/3.7/poi-ooxml-3.7.jar
7f5b32973000-7f5b3297f000 r--s 00085000 08:01 10487312                   /home/luis/.m2/repository/org/omnifaces/omnifaces/2.0/omnifaces-2.0.jar
7f5b3297f000-7f5b32986000 r--s 0003a000 08:01 10487002                   /home/luis/.m2/repository/commons-codec/commons-codec/1.9/commons-codec-1.9.jar
7f5b32986000-7f5b329a8000 r--s 001da000 08:01 10620329                   /home/luis/.m2/repository/org/apache/poi/poi/3.11/poi-3.11.jar
7f5b329a8000-7f5b329ae000 r--s 00048000 08:01 10618664                   /home/luis/.m2/repository/org/apache/commons/commons-lang3/3.1/commons-lang3-3.1.jar
7f5b329ae000-7f5b329bc000 r--s 00090000 08:01 10753721                   /home/luis/.m2/repository/org/hibernate/hibernate-entitymanager/4.3.1.Final/hibernate-entitymanager-4.3.1.Final.jar
7f5b329bc000-7f5b329be000 r--s 0000d000 08:01 10486667                   /home/luis/.m2/repository/com/fasterxml/classmate/1.0.0/classmate-1.0.0.jar
7f5b329be000-7f5b329c2000 r--s 0000c000 08:01 10486380                   /home/luis/.m2/repository/javax/validation/validation-api/1.1.0.Final/validation-api-1.1.0.Final.jar
7f5b329c2000-7f5b329d0000 r--s 0008d000 08:01 10748918                   /home/luis/.m2/repository/org/hibernate/hibernate-validator/5.1.3.Final/hibernate-validator-5.1.3.Final.jar
7f5b329d0000-7f5b329d5000 r--s 00068000 08:01 10879973                   /home/luis/.m2/repository/antlr/antlr/2.7.7/antlr-2.7.7.jar
7f5b329d5000-7f5b329df000 r--s 000a5000 08:01 10749332                   /home/luis/.m2/repository/org/javassist/javassist/3.18.1-GA/javassist-3.18.1-GA.jar
7f5b329df000-7f5b329e4000 r--s 00017000 08:01 10748872                   /home/luis/.m2/repository/org/hibernate/javax/persistence/hibernate-jpa-2.1-api/1.0.0.Final/hibernate-jpa-2.1-api-1.0.0.Final.jar
7f5b329e4000-7f5b329e7000 r--s 00010000 08:01 10748943                   /home/luis/.m2/repository/org/hibernate/common/hibernate-commons-annotations/4.0.5.Final/hibernate-commons-annotations-4.0.5.Final.jar
7f5b329e7000-7f5b329ec000 r--s 00016000 08:01 10879758                   /home/luis/.m2/repository/xml-apis/xml-apis/1.0.b2/xml-apis-1.0.b2.jar
7f5b329ec000-7f5b329f1000 r--s 00048000 08:01 10486967                   /home/luis/.m2/repository/dom4j/dom4j/1.6.1/dom4j-1.6.1.jar
7f5b329f1000-7f5b329f2000 r--s 00006000 08:01 10748149                   /home/luis/.m2/repository/org/jboss/spec/javax/transaction/jboss-transaction-api_1.2_spec/1.0.0.Final/jboss-transaction-api_1.2_spec-1.0.0.Final.jar
7f5b329f2000-7f5b329f3000 r--s 00002000 08:01 10748257                   /home/luis/.m2/repository/org/jboss/logging/jboss-logging-annotations/1.2.0.Beta1/jboss-logging-annotations-1.2.0.Beta1.jar
7f5b329f3000-7f5b329f5000 r--s 0000c000 08:01 10748241                   /home/luis/.m2/repository/org/jboss/logging/jboss-logging/3.1.3.GA/jboss-logging-3.1.3.GA.jar
7f5b329f5000-7f5b32a53000 r--s 004aa000 08:01 10748932                   /home/luis/.m2/repository/org/hibernate/hibernate-core/4.3.8.Final/hibernate-core-4.3.8.Final.jar
7f5b32a53000-7f5b32a5a000 r--s 00088000 08:01 10486467                   /home/luis/.m2/repository/com/microsoft/sqlserver/sqljdbc/4-4.0.2206.100/sqljdbc-4-4.0.2206.100.jar
7f5b32a5a000-7f5b32a5d000 r--s 00015000 08:01 10486258                   /home/luis/.m2/repository/javax/servlet/javax.servlet-api/3.1.0/javax.servlet-api-3.1.0.jar
7f5b32a5d000-7f5b32a5f000 r--s 00012000 08:01 10748283                   /home/luis/.m2/repository/org/jboss/jandex/1.2.3.Final/jandex-1.2.3.Final.jar
7f5b32a5f000-7f5b32aae000 r--s 00378000 08:01 10747980                   /home/luis/.m2/repository/org/jboss/weld/servlet/weld-servlet/2.2.11.Final/weld-servlet-2.2.11.Final.jar
7f5b32aae000-7f5b32ac2000 r--s 0013a000 08:01 10748764                   /home/luis/.m2/repository/org/primefaces/themes/all-themes/1.0.10/all-themes-1.0.10.jar
7f5b32ac2000-7f5b32ac7000 r--s 0002a000 08:01 10486604                   /home/luis/.m2/repository/com/google/code/gson/gson/2.2.4/gson-2.2.4.jar
7f5b32ac7000-7f5b32ad4000 r--s 0015c000 08:01 10748661                   /home/luis/.m2/repository/org/primefaces/extensions/primefaces-extensions/4.0.0/primefaces-extensions-4.0.0.jar
7f5b32ad4000-7f5b32b00000 r--s 00318000 08:01 10748789                   /home/luis/.m2/repository/org/primefaces/primefaces/5.3/primefaces-5.3.jar
7f5b32b00000-7f5b32d00000 rw-p 00000000 00:00 0 
7f5b32d00000-7f5b32f00000 rw-p 00000000 00:00 0 
7f5b32f00000-7f5b32f79000 r--s 010e3000 08:01 6554358                    /usr/local/jdk/jdk1.8.0_91/lib/tools.jar
7f5b32f79000-7f5b32f7c000 r--s 0001b000 08:01 10485976                   /home/luis/.m2/repository/junit/junit/3.8.2/junit-3.8.2.jar
7f5b32f7c000-7f5b32f8a000 r--s 0008f000 08:01 10486474                   /home/luis/.m2/repository/com/google/collections/google-collections/1.0/google-collections-1.0.jar
7f5b32f8a000-7f5b32f8b000 r--s 0000a000 08:01 10879874                   /home/luis/.m2/repository/commons-logging/commons-logging-api/1.1/commons-logging-api-1.1.jar
7f5b32f8b000-7f5b32f92000 r--s 00051000 08:01 10485982                   /home/luis/.m2/repository/log4j/log4j/1.2.12/log4j-1.2.12.jar
7f5b32f92000-7f5b32f96000 r--s 0001d000 08:01 10616849                   /home/luis/.m2/repository/org/apache/xbean/xbean-reflect/3.4/xbean-reflect-3.4.jar
7f5b32f96000-7f5b32f98000 r--s 00000000 08:01 10879070                   /home/luis/.m2/repository/org/codehaus/plexus/plexus-compiler-manager/2.2/plexus-compiler-manager-2.2.jar
7f5b32f98000-7f5b32f9a000 r--s 00005000 08:01 10879011                   /home/luis/.m2/repository/org/codehaus/plexus/plexus-compiler-api/2.2/plexus-compiler-api-2.2.jar
7f5b32f9a000-7f5b3319a000 rw-p 00000000 00:00 0 
7f5b3319a000-7f5b331ab000 r-xp 00000000 08:01 6555207                    /usr/local/jdk/jdk1.8.0_91/jre/lib/amd64/libnio.so
7f5b331ab000-7f5b333aa000 ---p 00011000 08:01 6555207                    /usr/local/jdk/jdk1.8.0_91/jre/lib/amd64/libnio.so
7f5b333aa000-7f5b333ab000 rw-p 00010000 08:01 6555207                    /usr/local/jdk/jdk1.8.0_91/jre/lib/amd64/libnio.so
7f5b333ab000-7f5b333c1000 r-xp 00000000 08:01 6555178                    /usr/local/jdk/jdk1.8.0_91/jre/lib/amd64/libnet.so
7f5b333c1000-7f5b335c1000 ---p 00016000 08:01 6555178                    /usr/local/jdk/jdk1.8.0_91/jre/lib/amd64/libnet.so
7f5b335c1000-7f5b335c2000 rw-p 00016000 08:01 6555178                    /usr/local/jdk/jdk1.8.0_91/jre/lib/amd64/libnet.so
7f5b335c2000-7f5b337c2000 rw-p 00000000 00:00 0 
7f5b337c2000-7f5b339c2000 rw-p 00000000 00:00 0 
7f5b339c2000-7f5b339c3000 ---p 00000000 00:00 0 
7f5b339c3000-7f5b33ac3000 rw-p 00000000 00:00 0                          [stack:31571]
7f5b33ac3000-7f5b34000000 r--p 00000000 08:01 8783087                    /usr/lib/locale/locale-archive
7f5b34000000-7f5b34021000 rw-p 00000000 00:00 0 
7f5b34021000-7f5b38000000 ---p 00000000 00:00 0 
7f5b38000000-7f5b3828b000 rw-p 00000000 00:00 0 
7f5b3828b000-7f5b3c000000 ---p 00000000 00:00 0 
7f5b3c000000-7f5b3c021000 rw-p 00000000 00:00 0 
7f5b3c021000-7f5b40000000 ---p 00000000 00:00 0 
7f5b40000000-7f5b40001000 r--s 00004000 08:01 10879250                   /home/luis/.m2/repository/org/codehaus/plexus/plexus-compiler-javac/2.2/plexus-compiler-javac-2.2.jar
7f5b40001000-7f5b40003000 r--s 00000000 08:01 10879264                   /home/luis/.m2/repository/org/codehaus/plexus/plexus-component-annotations/1.5.5/plexus-component-annotations-1.5.5.jar
7f5b40003000-7f5b40005000 r--s 00002000 08:01 10618404                   /home/luis/.m2/repository/org/apache/maven/shared/maven-shared-incremental/1.1/maven-shared-incremental-1.1.jar
7f5b40005000-7f5b40007000 r--s 00006000 08:01 10486583                   /home/luis/.m2/repository/com/google/code/findbugs/jsr305/2.0.1/jsr305-2.0.1.jar
7f5b40007000-7f5b4000a000 r--s 00023000 08:01 10618436                   /home/luis/.m2/repository/org/apache/maven/shared/maven-shared-utils/0.1/maven-shared-utils-0.1.jar
7f5b4000a000-7f5b4000e000 r--s 00030000 08:01 10879421                   /home/luis/.m2/repository/org/codehaus/plexus/plexus-utils/1.5.1/plexus-utils-1.5.1.jar
7f5b4000e000-7f5b40010000 r--s 00009000 08:01 10617299                   /home/luis/.m2/repository/org/apache/maven/plugins/maven-compiler-plugin/3.1/maven-compiler-plugin-3.1.jar
7f5b40010000-7f5b40012000 r--s 0000d000 08:01 10879620                   /home/luis/.m2/repository/org/codehaus/plexus/plexus-interpolation/1.13/plexus-interpolation-1.13.jar
7f5b40012000-7f5b40013000 r--s 00001000 08:01 10749426                   /home/luis/.m2/repository/org/sonatype/plexus/plexus-build-api/0.0.4/plexus-build-api-0.0.4.jar
7f5b40013000-7f5b40015000 r--s 00009000 08:01 10618457                   /home/luis/.m2/repository/org/apache/maven/shared/maven-filtering/1.0/maven-filtering-1.0.jar
7f5b40015000-7f5b40018000 r--s 0001b000 08:01 10485952                   /home/luis/.m2/repository/junit/junit/3.8.1/junit-3.8.1.jar
7f5b40018000-7f5b4001a000 r--s 00002000 08:01 10879637                   /home/luis/.m2/repository/org/codehaus/plexus/plexus-interactivity-api/1.0-alpha-4/plexus-interactivity-api-1.0-alpha-4.jar
7f5b4001a000-7f5b4001c000 r--s 00006000 08:01 10879911                   /home/luis/.m2/repository/commons-cli/commons-cli/1.0/commons-cli-1.0.jar
7f5b4001c000-7f5b4001d000 r--s 00001000 08:01 10617076                   /home/luis/.m2/repository/org/apache/maven/doxia/doxia-sink-api/1.0-alpha-7/doxia-sink-api-1.0-alpha-7.jar
7f5b4001d000-7f5b4001e000 r--s 00002000 08:01 10618129                   /home/luis/.m2/repository/org/apache/maven/reporting/maven-reporting-api/2.0.6/maven-reporting-api-2.0.6.jar
7f5b4001e000-7f5b40020000 r--s 00005000 08:01 10617324                   /home/luis/.m2/repository/org/apache/maven/plugins/maven-resources-plugin/2.5/maven-resources-plugin-2.5.jar
7f5b40020000-7f5b40024000 r--s 00033000 08:01 10879404                   /home/luis/.m2/repository/org/codehaus/plexus/plexus-utils/2.0.5/plexus-utils-2.0.5.jar
7f5b40024000-7f5b40025000 r--s 00005000 08:01 10617423                   /home/luis/.m2/repository/org/apache/maven/plugins/maven-clean-plugin/2.4.1/maven-clean-plugin-2.4.1.jar
7f5b40025000-7f5b40028000 ---p 00000000 00:00 0 
7f5b40028000-7f5b4005e000 rw-p 00000000 00:00 0                          [stack:31574]
7f5b4005e000-7f5b4005f000 r--p 00000000 00:00 0 
7f5b4005f000-7f5b40063000 r--s 00097000 08:01 6554928                    /usr/local/jdk/jdk1.8.0_91/jre/lib/jsse.jar
7f5b40063000-7f5b40065000 r--s 0000c000 08:01 11537472                   /home/luis/netbeans-8.1/java/maven-nblib/netbeans-eventspy.jar
7f5b40065000-7f5b40067000 r--s 00006000 08:01 11536326                   /home/luis/netbeans-8.1/java/maven/lib/aether-connector-wagon-1.13.1.jar
7f5b40067000-7f5b4006e000 r--s 0003f000 08:01 11536343                   /home/luis/netbeans-8.1/java/maven/lib/sisu-inject-bean-2.3.0.jar
7f5b4006e000-7f5b40078000 r--s 00116000 08:01 6555102                    /usr/local/jdk/jdk1.8.0_91/jre/lib/ext/localedata.jar
7f5b40078000-7f5b40094000 r--s 00393000 08:01 6555099                    /usr/local/jdk/jdk1.8.0_91/jre/lib/ext/cldrdata.jar
7f5b40094000-7f5b40098000 r--s 00013000 08:01 11536340                   /home/luis/netbeans-8.1/java/maven/lib/aether-api-1.13.1.jar
7f5b40098000-7f5b4009b000 r--s 0001d000 08:01 11536323                   /home/luis/netbeans-8.1/java/maven/lib/aether-impl-1.13.1.jar
7f5b4009b000-7f5b400a2000 r--s 0002b000 08:01 11536327                   /home/luis/netbeans-8.1/java/maven/lib/sisu-inject-plexus-2.3.0.jar
7f5b400a2000-7f5b400bd000 r--s 000e4000 08:01 11536321                   /home/luis/netbeans-8.1/java/maven/lib/wagon-http-2.4-shaded.jar
7f5b400bd000-7f5b400bf000 r--s 00002000 08:01 11536344                   /home/luis/netbeans-8.1/java/maven/lib/plexus-cipher-1.7.jar
7f5b400bf000-7f5b400c2000 r--s 00008000 08:01 11536329                   /home/luis/netbeans-8.1/java/maven/lib/maven-settings-builder-3.0.5.jar
7f5b400c2000-7f5b400c4000 r--s 00006000 08:01 11536342                   /home/luis/netbeans-8.1/java/maven/lib/maven-repository-metadata-3.0.5.jar
7f5b400c4000-7f5b400c8000 r--s 00021000 08:01 11536347                   /home/luis/netbeans-8.1/java/maven/lib/maven-model-builder-3.0.5.jar
7f5b400c8000-7f5b400e7000 r--s 00154000 08:01 11536349                   /home/luis/netbeans-8.1/java/maven/lib/sisu-guava-0.9.9.jar
7f5b400e7000-7f5b400ea000 ---p 00000000 00:00 0 
7f5b400ea000-7f5b401e8000 rw-p 00000000 00:00 0                          [stack:31570]
7f5b401e8000-7f5b401eb000 ---p 00000000 00:00 0 
7f5b401eb000-7f5b402e9000 rw-p 00000000 00:00 0                          [stack:31569]
7f5b402e9000-7f5b402ec000 ---p 00000000 00:00 0 
7f5b402ec000-7f5b403ea000 rw-p 00000000 00:00 0                          [stack:31568]
7f5b403ea000-7f5b403ed000 ---p 00000000 00:00 0 
7f5b403ed000-7f5b404eb000 rw-p 00000000 00:00 0                          [stack:31567]
7f5b404eb000-7f5b404ee000 ---p 00000000 00:00 0 
7f5b404ee000-7f5b405ec000 rw-p 00000000 00:00 0                          [stack:31566]
7f5b405ec000-7f5b405ef000 ---p 00000000 00:00 0 
7f5b405ef000-7f5b406ed000 rw-p 00000000 00:00 0                          [stack:31565]
7f5b406ed000-7f5b406ee000 ---p 00000000 00:00 0 
7f5b406ee000-7f5b410f7000 rw-p 00000000 00:00 0                          [stack:31564]
7f5b410f7000-7f5b412d0000 r--s 03d1f000 08:01 6555153                    /usr/local/jdk/jdk1.8.0_91/jre/lib/rt.jar
7f5b412d0000-7f5b45000000 rw-p 00000000 00:00 0 
7f5b45000000-7f5b45b20000 rwxp 00000000 00:00 0 
7f5b45b20000-7f5b54000000 ---p 00000000 00:00 0 
7f5b54000000-7f5b54ebf000 rw-p 00000000 00:00 0 
7f5b54ebf000-7f5b58000000 ---p 00000000 00:00 0 
7f5b58000000-7f5b58001000 r--s 0000a000 08:01 11536341                   /home/luis/netbeans-8.1/java/maven/lib/maven-embedder-3.0.5.jar
7f5b58001000-7f5b58003000 r--s 0000b000 08:01 11536335                   /home/luis/netbeans-8.1/java/maven/lib/wagon-provider-api-2.4.jar
7f5b58003000-7f5b58005000 r--s 0000b000 08:01 11536336                   /home/luis/netbeans-8.1/java/maven/lib/maven-artifact-3.0.5.jar
7f5b58005000-7f5b58007000 r--s 00000000 08:01 11536345                   /home/luis/netbeans-8.1/java/maven/lib/plexus-component-annotations-1.5.5.jar
7f5b58007000-7f5b5800b000 r--s 00033000 08:01 11536338                   /home/luis/netbeans-8.1/java/maven/lib/plexus-utils-2.0.6.jar
7f5b5800b000-7f5b5800c000 r--s 00006000 08:01 11536348                   /home/luis/netbeans-8.1/java/maven/lib/plexus-sec-dispatcher-1.3.jar
7f5b5800c000-7f5b58012000 r--s 0003f000 08:01 11536337                   /home/luis/netbeans-8.1/java/maven/lib/maven-compat-3.0.5.jar
7f5b58012000-7f5b58040000 r--s 001c9000 08:01 11536333                   /home/luis/netbeans-8.1/java/maven/lib/ext/wagon-http-2.8-shaded.jar
7f5b58040000-7f5b5849a000 rw-p 00000000 00:00 0 
7f5b5849a000-7f5b5849b000 ---p 00000000 00:00 0 
7f5b5849b000-7f5b5859b000 rw-p 00000000 00:00 0                          [stack:31563]
7f5b5859b000-7f5b5859c000 ---p 00000000 00:00 0 
7f5b5859c000-7f5b586c0000 rw-p 00000000 00:00 0                          [stack:31562]
7f5b586c0000-7f5b588d4000 ---p 00000000 00:00 0 
7f5b588d4000-7f5b588f8000 rw-p 00000000 00:00 0 
7f5b588f8000-7f5b58b0b000 ---p 00000000 00:00 0 
7f5b58b0b000-7f5b58b4c000 rw-p 00000000 00:00 0 
7f5b58b4c000-7f5b58c27000 ---p 00000000 00:00 0 
7f5b58c27000-7f5b58c55000 rw-p 00000000 00:00 0 
7f5b58c55000-7f5b58fe8000 ---p 00000000 00:00 0 
7f5b58fe8000-7f5b59002000 r-xp 00000000 08:01 6555168                    /usr/local/jdk/jdk1.8.0_91/jre/lib/amd64/libzip.so
7f5b59002000-7f5b59202000 ---p 0001a000 08:01 6555168                    /usr/local/jdk/jdk1.8.0_91/jre/lib/amd64/libzip.so
7f5b59202000-7f5b59203000 rw-p 0001a000 08:01 6555168                    /usr/local/jdk/jdk1.8.0_91/jre/lib/amd64/libzip.so
7f5b59203000-7f5b5920e000 r-xp 00000000 08:01 2360870                    /lib/x86_64-linux-gnu/libnss_files-2.19.so
7f5b5920e000-7f5b5940d000 ---p 0000b000 08:01 2360870                    /lib/x86_64-linux-gnu/libnss_files-2.19.so
7f5b5940d000-7f5b5940e000 r--p 0000a000 08:01 2360870                    /lib/x86_64-linux-gnu/libnss_files-2.19.so
7f5b5940e000-7f5b5940f000 rw-p 0000b000 08:01 2360870                    /lib/x86_64-linux-gnu/libnss_files-2.19.so
7f5b5940f000-7f5b5941a000 r-xp 00000000 08:01 2361003                    /lib/x86_64-linux-gnu/libnss_nis-2.19.so
7f5b5941a000-7f5b59619000 ---p 0000b000 08:01 2361003                    /lib/x86_64-linux-gnu/libnss_nis-2.19.so
7f5b59619000-7f5b5961a000 r--p 0000a000 08:01 2361003                    /lib/x86_64-linux-gnu/libnss_nis-2.19.so
7f5b5961a000-7f5b5961b000 rw-p 0000b000 08:01 2361003                    /lib/x86_64-linux-gnu/libnss_nis-2.19.so
7f5b5961b000-7f5b59632000 r-xp 00000000 08:01 2360867                    /lib/x86_64-linux-gnu/libnsl-2.19.so
7f5b59632000-7f5b59831000 ---p 00017000 08:01 2360867                    /lib/x86_64-linux-gnu/libnsl-2.19.so
7f5b59831000-7f5b59832000 r--p 00016000 08:01 2360867                    /lib/x86_64-linux-gnu/libnsl-2.19.so
7f5b59832000-7f5b59833000 rw-p 00017000 08:01 2360867                    /lib/x86_64-linux-gnu/libnsl-2.19.so
7f5b59833000-7f5b59835000 rw-p 00000000 00:00 0 
7f5b59835000-7f5b5983e000 r-xp 00000000 08:01 2361058                    /lib/x86_64-linux-gnu/libnss_compat-2.19.so
7f5b5983e000-7f5b59a3d000 ---p 00009000 08:01 2361058                    /lib/x86_64-linux-gnu/libnss_compat-2.19.so
7f5b59a3d000-7f5b59a3e000 r--p 00008000 08:01 2361058                    /lib/x86_64-linux-gnu/libnss_compat-2.19.so
7f5b59a3e000-7f5b59a3f000 rw-p 00009000 08:01 2361058                    /lib/x86_64-linux-gnu/libnss_compat-2.19.so
7f5b59a3f000-7f5b59a69000 r-xp 00000000 08:01 6555180                    /usr/local/jdk/jdk1.8.0_91/jre/lib/amd64/libjava.so
7f5b59a69000-7f5b59c69000 ---p 0002a000 08:01 6555180                    /usr/local/jdk/jdk1.8.0_91/jre/lib/amd64/libjava.so
7f5b59c69000-7f5b59c6b000 rw-p 0002a000 08:01 6555180                    /usr/local/jdk/jdk1.8.0_91/jre/lib/amd64/libjava.so
7f5b59c6b000-7f5b59c78000 r-xp 00000000 08:01 6555181                    /usr/local/jdk/jdk1.8.0_91/jre/lib/amd64/libverify.so
7f5b59c78000-7f5b59e78000 ---p 0000d000 08:01 6555181                    /usr/local/jdk/jdk1.8.0_91/jre/lib/amd64/libverify.so
7f5b59e78000-7f5b59e7a000 rw-p 0000d000 08:01 6555181                    /usr/local/jdk/jdk1.8.0_91/jre/lib/amd64/libverify.so
7f5b59e7a000-7f5b59e81000 r-xp 00000000 08:01 2360918                    /lib/x86_64-linux-gnu/librt-2.19.so
7f5b59e81000-7f5b5a080000 ---p 00007000 08:01 2360918                    /lib/x86_64-linux-gnu/librt-2.19.so
7f5b5a080000-7f5b5a081000 r--p 00006000 08:01 2360918                    /lib/x86_64-linux-gnu/librt-2.19.so
7f5b5a081000-7f5b5a082000 rw-p 00007000 08:01 2360918                    /lib/x86_64-linux-gnu/librt-2.19.so
7f5b5a082000-7f5b5a187000 r-xp 00000000 08:01 2360993                    /lib/x86_64-linux-gnu/libm-2.19.so
7f5b5a187000-7f5b5a386000 ---p 00105000 08:01 2360993                    /lib/x86_64-linux-gnu/libm-2.19.so
7f5b5a386000-7f5b5a387000 r--p 00104000 08:01 2360993                    /lib/x86_64-linux-gnu/libm-2.19.so
7f5b5a387000-7f5b5a388000 rw-p 00105000 08:01 2360993                    /lib/x86_64-linux-gnu/libm-2.19.so
7f5b5a388000-7f5b5b048000 r-xp 00000000 08:01 6555187                    /usr/local/jdk/jdk1.8.0_91/jre/lib/amd64/server/libjvm.so
7f5b5b048000-7f5b5b248000 ---p 00cc0000 08:01 6555187                    /usr/local/jdk/jdk1.8.0_91/jre/lib/amd64/server/libjvm.so
7f5b5b248000-7f5b5b320000 rw-p 00cc0000 08:01 6555187                    /usr/local/jdk/jdk1.8.0_91/jre/lib/amd64/server/libjvm.so
7f5b5b320000-7f5b5b36b000 rw-p 00000000 00:00 0 
7f5b5b36b000-7f5b5b526000 r-xp 00000000 08:01 2360828                    /lib/x86_64-linux-gnu/libc-2.19.so
7f5b5b526000-7f5b5b726000 ---p 001bb000 08:01 2360828                    /lib/x86_64-linux-gnu/libc-2.19.so
7f5b5b726000-7f5b5b72a000 r--p 001bb000 08:01 2360828                    /lib/x86_64-linux-gnu/libc-2.19.so
7f5b5b72a000-7f5b5b72c000 rw-p 001bf000 08:01 2360828                    /lib/x86_64-linux-gnu/libc-2.19.so
7f5b5b72c000-7f5b5b731000 rw-p 00000000 00:00 0 
7f5b5b731000-7f5b5b734000 r-xp 00000000 08:01 2361006                    /lib/x86_64-linux-gnu/libdl-2.19.so
7f5b5b734000-7f5b5b933000 ---p 00003000 08:01 2361006                    /lib/x86_64-linux-gnu/libdl-2.19.so
7f5b5b933000-7f5b5b934000 r--p 00002000 08:01 2361006                    /lib/x86_64-linux-gnu/libdl-2.19.so
7f5b5b934000-7f5b5b935000 rw-p 00003000 08:01 2361006                    /lib/x86_64-linux-gnu/libdl-2.19.so
7f5b5b935000-7f5b5b94a000 r-xp 00000000 08:01 6554355                    /usr/local/jdk/jdk1.8.0_91/lib/amd64/jli/libjli.so
7f5b5b94a000-7f5b5bb4a000 ---p 00015000 08:01 6554355                    /usr/local/jdk/jdk1.8.0_91/lib/amd64/jli/libjli.so
7f5b5bb4a000-7f5b5bb4b000 rw-p 00015000 08:01 6554355                    /usr/local/jdk/jdk1.8.0_91/lib/amd64/jli/libjli.so
7f5b5bb4b000-7f5b5bb64000 r-xp 00000000 08:01 2360846                    /lib/x86_64-linux-gnu/libpthread-2.19.so
7f5b5bb64000-7f5b5bd63000 ---p 00019000 08:01 2360846                    /lib/x86_64-linux-gnu/libpthread-2.19.so
7f5b5bd63000-7f5b5bd64000 r--p 00018000 08:01 2360846                    /lib/x86_64-linux-gnu/libpthread-2.19.so
7f5b5bd64000-7f5b5bd65000 rw-p 00019000 08:01 2360846                    /lib/x86_64-linux-gnu/libpthread-2.19.so
7f5b5bd65000-7f5b5bd69000 rw-p 00000000 00:00 0 
7f5b5bd69000-7f5b5bd8c000 r-xp 00000000 08:01 2360891                    /lib/x86_64-linux-gnu/ld-2.19.so
7f5b5bd8c000-7f5b5bd8e000 r--s 0000d000 08:01 11536352                   /home/luis/netbeans-8.1/java/maven/lib/plexus-interpolation-1.14.jar
7f5b5bd8e000-7f5b5bd8f000 r--s 00002000 08:01 11536339                   /home/luis/netbeans-8.1/java/maven/lib/wagon-file-2.4.jar
7f5b5bd8f000-7f5b5bd91000 r--s 0000b000 08:01 11536330                   /home/luis/netbeans-8.1/java/maven/lib/maven-plugin-api-3.0.5.jar
7f5b5bd91000-7f5b5bd93000 r--s 00009000 08:01 11536325                   /home/luis/netbeans-8.1/java/maven/lib/commons-cli-1.2.jar
7f5b5bd93000-7f5b5bd95000 r--s 0000a000 08:01 11536346                   /home/luis/netbeans-8.1/java/maven/lib/maven-settings-3.0.5.jar
7f5b5bd95000-7f5b5bd9d000 r--s 00050000 08:01 11536350                   /home/luis/netbeans-8.1/java/maven/lib/sisu-guice-3.1.0-no_aop.jar
7f5b5bd9d000-7f5b5be63000 rw-p 00000000 00:00 0 
7f5b5be63000-7f5b5be66000 ---p 00000000 00:00 0 
7f5b5be66000-7f5b5bf68000 rw-p 00000000 00:00 0                          [stack:31561]
7f5b5bf68000-7f5b5bf69000 r--s 00003000 08:01 11536324                   /home/luis/netbeans-8.1/java/maven/lib/aether-spi-1.13.1.jar
7f5b5bf69000-7f5b5bf75000 r--s 0007d000 08:01 11536322                   /home/luis/netbeans-8.1/java/maven/lib/maven-core-3.0.5.jar
7f5b5bf75000-7f5b5bf79000 r--s 0001c000 08:01 11536351                   /home/luis/netbeans-8.1/java/maven/lib/aether-util-1.13.1.jar
7f5b5bf79000-7f5b5bf7b000 r--s 00026000 08:01 11536328                   /home/luis/netbeans-8.1/java/maven/lib/maven-model-3.0.5.jar
7f5b5bf7b000-7f5b5bf7d000 r--s 0000c000 08:01 11536334                   /home/luis/netbeans-8.1/java/maven/lib/maven-aether-provider-3.0.5.jar
7f5b5bf7d000-7f5b5bf7f000 r--s 0000a000 08:01 11536363                   /home/luis/netbeans-8.1/java/maven/boot/plexus-classworlds-2.4.jar
7f5b5bf7f000-7f5b5bf87000 rw-s 00000000 08:01 2229922                    /tmp/hsperfdata_luis/31558
7f5b5bf87000-7f5b5bf88000 rw-p 00000000 00:00 0 
7f5b5bf88000-7f5b5bf89000 ---p 00000000 00:00 0 
7f5b5bf89000-7f5b5bf8b000 rw-p 00000000 00:00 0 
7f5b5bf8b000-7f5b5bf8c000 r--p 00022000 08:01 2360891                    /lib/x86_64-linux-gnu/ld-2.19.so
7f5b5bf8c000-7f5b5bf8d000 rw-p 00023000 08:01 2360891                    /lib/x86_64-linux-gnu/ld-2.19.so
7f5b5bf8d000-7f5b5bf8e000 rw-p 00000000 00:00 0 
7fff6b8d7000-7fff6b8f8000 rw-p 00000000 00:00 0                          [stack]
7fff6b9fe000-7fff6ba00000 r-xp 00000000 00:00 0                          [vdso]
ffffffffff600000-ffffffffff601000 r-xp 00000000 00:00 0                  [vsyscall]

VM Arguments:
jvm_args: -Dclassworlds.conf=/home/luis/netbeans-8.1/java/maven/bin/m2.conf -Dmaven.home=/home/luis/netbeans-8.1/java/maven 
java_command: org.codehaus.plexus.classworlds.launcher.Launcher -Dmaven.ext.class.path=/home/luis/netbeans-8.1/java/maven-nblib/netbeans-eventspy.jar clean install
java_class_path (initial): /home/luis/netbeans-8.1/java/maven/boot/plexus-classworlds-2.4.jar
Launcher Type: SUN_STANDARD

Environment Variables:
JAVA_HOME=/usr/local/jdk/jdk1.8.0_91
PATH=/usr/local/sbin:/usr/local/bin:/usr/sbin:/usr/bin:/sbin:/bin:/usr/games:/usr/local/games:/home/luis/bin:/usr/local/jdk/jdk1.8.0_91/bin
USERNAME=luis
LD_LIBRARY_PATH=/usr/local/jdk/jdk1.8.0_91/jre/lib/amd64:/usr/local/jdk/jdk1.8.0_91/jre/lib/i386:
SHELL=/bin/zsh
DISPLAY=:0.0

Signal Handlers:
SIGSEGV: [libjvm.so+0xabca10], sa_mask[0]=11111111011111111101111111111110, sa_flags=SA_RESTART|SA_SIGINFO
SIGBUS: [libjvm.so+0xabca10], sa_mask[0]=11111111011111111101111111111110, sa_flags=SA_RESTART|SA_SIGINFO
SIGFPE: [libjvm.so+0x919a20], sa_mask[0]=11111111011111111101111111111110, sa_flags=SA_RESTART|SA_SIGINFO
SIGPIPE: [libjvm.so+0x919a20], sa_mask[0]=11111111011111111101111111111110, sa_flags=SA_RESTART|SA_SIGINFO
SIGXFSZ: [libjvm.so+0x919a20], sa_mask[0]=11111111011111111101111111111110, sa_flags=SA_RESTART|SA_SIGINFO
SIGILL: [libjvm.so+0x919a20], sa_mask[0]=11111111011111111101111111111110, sa_flags=SA_RESTART|SA_SIGINFO
SIGUSR1: SIG_DFL, sa_mask[0]=00000000000000000000000000000000, sa_flags=none
SIGUSR2: [libjvm.so+0x91b050], sa_mask[0]=00100000000000000000000000000000, sa_flags=SA_RESTART|SA_SIGINFO
SIGHUP: [libjvm.so+0x91c450], sa_mask[0]=11111111011111111101111111111110, sa_flags=SA_RESTART|SA_SIGINFO
SIGINT: SIG_IGN, sa_mask[0]=00000000000000000000000000000000, sa_flags=none
SIGTERM: [libjvm.so+0x91c450], sa_mask[0]=11111111011111111101111111111110, sa_flags=SA_RESTART|SA_SIGINFO
SIGQUIT: [libjvm.so+0x91c450], sa_mask[0]=11111111011111111101111111111110, sa_flags=SA_RESTART|SA_SIGINFO


---------------  S Y S T E M  ---------------

OS:DISTRIB_ID=LinuxMint
DISTRIB_RELEASE=17.1
DISTRIB_CODENAME=rebecca
DISTRIB_DESCRIPTION="Linux Mint 17.1 Rebecca"

uname:Linux 3.13.0-37-generic #64-Ubuntu SMP Mon Sep 22 21:28:38 UTC 2014 x86_64
libc:glibc 2.19 NPTL 2.19 
rlimit: STACK 8192k, CORE 0k, NPROC 54183, NOFILE 4096, AS infinity
load average:1,73 1,23 1,21

/proc/meminfo:
MemTotal:        6966632 kB
MemFree:          134296 kB
Buffers:             300 kB
Cached:           113164 kB
SwapCached:         8712 kB
Active:          5320916 kB
Inactive:        1243000 kB
Active(anon):    5318832 kB
Inactive(anon):  1235296 kB
Active(file):       2084 kB
Inactive(file):     7704 kB
Unevictable:          88 kB
Mlocked:              88 kB
SwapTotal:        115708 kB
SwapFree:              0 kB
Dirty:               160 kB
Writeback:             0 kB
AnonPages:       6441800 kB
Mapped:           106432 kB
Shmem:            103732 kB
Slab:              65904 kB
SReclaimable:      27128 kB
SUnreclaim:        38776 kB
KernelStack:        7168 kB
PageTables:        73152 kB
NFS_Unstable:          0 kB
Bounce:                0 kB
WritebackTmp:          0 kB
CommitLimit:     3599024 kB
Committed_AS:   13433660 kB
VmallocTotal:   34359738367 kB
VmallocUsed:      162952 kB
VmallocChunk:   34359539388 kB
HardwareCorrupted:     0 kB
AnonHugePages:   3315712 kB
HugePages_Total:       0
HugePages_Free:        0
HugePages_Rsvd:        0
HugePages_Surp:        0
Hugepagesize:       2048 kB
DirectMap4k:       65472 kB
DirectMap2M:     7094272 kB


CPU:total 2 (2 cores per cpu, 1 threads per core) family 6 model 62 stepping 4, cmov, cx8, fxsr, mmx, sse, sse2, sse3, ssse3, sse4.1, sse4.2, popcnt, avx, aes, clmul, tsc, tscinvbit

/proc/cpuinfo:
processor	: 0
vendor_id	: GenuineIntel
cpu family	: 6
model		: 62
model name	: Intel(R) Xeon(R) CPU E5-2650 v2 @ 2.60GHz
stepping	: 4
microcode	: 0x427
cpu MHz		: 2600.000
cache size	: 20480 KB
physical id	: 0
siblings	: 2
core id		: 0
cpu cores	: 2
apicid		: 0
initial apicid	: 0
fpu		: yes
fpu_exception	: yes
cpuid level	: 13
wp		: yes
flags		: fpu vme de pse tsc msr pae mce cx8 apic sep mtrr pge mca cmov pat pse36 clflush dts mmx fxsr sse sse2 ss ht syscall nx rdtscp lm constant_tsc arch_perfmon pebs bts nopl xtopology tsc_reliable nonstop_tsc aperfmperf eagerfpu pni pclmulqdq ssse3 cx16 sse4_1 sse4_2 popcnt aes xsave avx hypervisor lahf_lm ida arat xsaveopt pln pts dtherm
bogomips	: 5200.00
clflush size	: 64
cache_alignment	: 64
address sizes	: 40 bits physical, 48 bits virtual
power management:

processor	: 1
vendor_id	: GenuineIntel
cpu family	: 6
model		: 62
model name	: Intel(R) Xeon(R) CPU E5-2650 v2 @ 2.60GHz
stepping	: 4
microcode	: 0x427
cpu MHz		: 2600.000
cache size	: 20480 KB
physical id	: 0
siblings	: 2
core id		: 1
cpu cores	: 2
apicid		: 1
initial apicid	: 1
fpu		: yes
fpu_exception	: yes
cpuid level	: 13
wp		: yes
flags		: fpu vme de pse tsc msr pae mce cx8 apic sep mtrr pge mca cmov pat pse36 clflush dts mmx fxsr sse sse2 ss ht syscall nx rdtscp lm constant_tsc arch_perfmon pebs bts nopl xtopology tsc_reliable nonstop_tsc aperfmperf eagerfpu pni pclmulqdq ssse3 cx16 sse4_1 sse4_2 popcnt aes xsave avx hypervisor lahf_lm ida arat xsaveopt pln pts dtherm
bogomips	: 5200.00
clflush size	: 64
cache_alignment	: 64
address sizes	: 40 bits physical, 48 bits virtual
power management:



Memory: 4k page, physical 6966632k(133924k free), swap 115708k(0k free)

vm_info: Java HotSpot(TM) 64-Bit Server VM (25.91-b14) for linux-amd64 JRE (1.8.0_91-b14), built on Apr  1 2016 00:57:21 by "java_re" with gcc 4.3.0 20080428 (Red Hat 4.3.0-8)

time: Fri Oct 28 15:47:57 2016
elapsed time: 8 seconds (0d 0h 0m 8s)

